<?xml version="1.0" encoding="UTF-8"?>
<!-- Generated by org.testng.reporters.JUnitReportReporter -->
<testsuite skipped="0" hostname="DESKTOP-2V7MRDA" name="com.BDDStyle.PutBBDDStyle" tests="1" failures="0" timestamp="2022-09-21T18:58:08 IST" time="3.630" errors="0">
  <testcase name="putBdd" time="3.630" classname="com.BDDStyle.PutBBDDStyle"/>
  <system-out/>
</testsuite> <!-- com.BDDStyle.PutBBDDStyle -->
