<?xml version="1.0" encoding="UTF-8"?>
<!-- Generated by org.testng.reporters.JUnitReportReporter -->
<testsuite skipped="0" hostname="DESKTOP-2V7MRDA" name="com.AuthTypes.ApikeyAuth" tests="2" failures="0" timestamp="2022-10-08T14:24:17 IST" time="5.450" errors="0">
  <testcase name="voidapikeyUsingHeader" time="0.911" classname="com.AuthTypes.ApikeyAuth"/>
  <system-out/>
  <testcase name="apiKeyAuthh" time="4.539" classname="com.AuthTypes.ApikeyAuth"/>
  <system-out/>
</testsuite> <!-- com.AuthTypes.ApikeyAuth -->
