<?xml version="1.0" encoding="UTF-8"?>
<!-- Generated by org.testng.reporters.JUnitReportReporter -->
<testsuite skipped="0" hostname="DESKTOP-2V7MRDA" name="com.misrinterviewquestion.Get" tests="1" failures="0" timestamp="2022-10-28T10:40:43 IST" time="13.382" errors="0">
  <testcase name="getReq" time="13.382" classname="com.misrinterviewquestion.Get"/>
  <system-out/>
</testsuite> <!-- com.misrinterviewquestion.Get -->
