<?xml version="1.0" encoding="UTF-8"?>
<!-- Generated by org.testng.reporters.JUnitReportReporter -->
<testsuite skipped="0" hostname="DESKTOP-2V7MRDA" name="com.REstApi.RestAPi.PostSupes" tests="1" failures="0" timestamp="2022-09-21T14:33:49 IST" time="3.713" errors="0">
  <testcase name="createASupes" time="3.713" classname="com.REstApi.RestAPi.PostSupes"/>
  <system-out/>
</testsuite> <!-- com.REstApi.RestAPi.PostSupes -->
