<?xml version="1.0" encoding="UTF-8"?>
<!-- Generated by org.testng.reporters.JUnitReportReporter -->
<testsuite skipped="0" hostname="DESKTOP-2V7MRDA" name="com.AuthTypes.BasicAuth" tests="1" failures="0" timestamp="2022-10-08T14:19:39 IST" time="5.862" errors="0">
  <testcase name="baseAuthWithAuthentication" time="5.862" classname="com.AuthTypes.BasicAuth"/>
  <system-out/>
</testsuite> <!-- com.AuthTypes.BasicAuth -->
