<?xml version="1.0" encoding="UTF-8"?>
<!-- Generated by org.testng.reporters.JUnitReportReporter -->
<testsuite skipped="0" hostname="DESKTOP-2V7MRDA" name="com.SerializationAndSchema.HamcrestSChemavaldation" tests="1" failures="0" timestamp="2022-10-16T22:01:17 IST" time="1.437" errors="0">
  <testcase name="hamcrest" time="1.437" classname="com.SerializationAndSchema.HamcrestSChemavaldation"/>
  <system-out/>
</testsuite> <!-- com.SerializationAndSchema.HamcrestSChemavaldation -->
