<?xml version="1.0" encoding="UTF-8"?>
<!-- Generated by org.testng.reporters.JUnitReportReporter -->
<testsuite skipped="0" hostname="DESKTOP-2V7MRDA" name="com.REstApi.RestAPi.Getsingleemployee" tests="1" failures="0" timestamp="2022-09-21T16:38:41 IST" time="3.853" errors="0">
  <testcase name="getOnlySuperMAn" time="3.853" classname="com.REstApi.RestAPi.Getsingleemployee"/>
  <system-out/>
</testsuite> <!-- com.REstApi.RestAPi.Getsingleemployee -->
