<?xml version="1.0" encoding="UTF-8"?>
<!-- Generated by org.testng.reporters.JUnitReportReporter -->
<testsuite skipped="0" hostname="DESKTOP-2V7MRDA" name="com.RCB.TestCAse1" tests="2" failures="0" timestamp="2022-11-02T22:19:45 IST" time="0.169" errors="0">
  <testcase name="NumOfWicketKeeper" time="0.162" classname="com.RCB.TestCAse1"/>
  <system-out/>
  <testcase name="testForForiegnPlayers" time="0.007" classname="com.RCB.TestCAse1"/>
  <system-out/>
</testsuite> <!-- com.RCB.TestCAse1 -->
