<?xml version="1.0" encoding="UTF-8"?>
<!-- Generated by org.testng.reporters.JUnitReportReporter -->
<testsuite skipped="0" hostname="DESKTOP-2V7MRDA" name="com.BDDStyle.Post" tests="1" failures="0" timestamp="2022-10-18T14:07:06 IST" time="3.727" errors="0">
  <testcase name="createSupe" time="3.727" classname="com.BDDStyle.Post"/>
  <system-out/>
</testsuite> <!-- com.BDDStyle.Post -->
