<?xml version="1.0" encoding="UTF-8"?>
<!-- Generated by org.testng.reporters.JUnitReportReporter -->
<testsuite skipped="0" hostname="DESKTOP-2V7MRDA" name="com.RequestSpecificationInterview.DefaultReqSpecification" tests="2" failures="0" timestamp="2022-10-11T12:23:26 IST" time="4.075" errors="0">
  <testcase name="getALLSupes" time="3.974" classname="com.RequestSpecificationInterview.DefaultReqSpecification"/>
  <system-out/>
  <testcase name="getParticularEmployee" time="0.101" classname="com.RequestSpecificationInterview.DefaultReqSpecification"/>
  <system-out/>
</testsuite> <!-- com.RequestSpecificationInterview.DefaultReqSpecification -->
