<?xml version="1.0" encoding="UTF-8"?>
<!-- Generated by org.testng.reporters.JUnitReportReporter -->
<testsuite skipped="0" hostname="DESKTOP-2V7MRDA" name="com.BDDStyle.GetAllSupes" tests="1" failures="0" timestamp="2022-09-21T17:19:48 IST" time="3.761" errors="0">
  <testcase name="getOnlyOneSuperHero" time="3.761" classname="com.BDDStyle.GetAllSupes"/>
  <system-out/>
</testsuite> <!-- com.BDDStyle.GetAllSupes -->
