<?xml version="1.0" encoding="UTF-8"?>
<!-- Generated by org.testng.reporters.JUnitReportReporter -->
<testsuite skipped="0" hostname="DESKTOP-2V7MRDA" name="com.REstApi.RestAPi.GetAllSupes" tests="1" failures="0" timestamp="2022-09-21T13:24:08 IST" time="3.821" errors="0">
  <testcase name="getAllEmployees" time="3.821" classname="com.REstApi.RestAPi.GetAllSupes"/>
  <system-out/>
</testsuite> <!-- com.REstApi.RestAPi.GetAllSupes -->
