<?xml version="1.0" encoding="UTF-8"?>
<!-- Generated by org.testng.reporters.JUnitReportReporter -->
<testsuite skipped="0" hostname="DESKTOP-2V7MRDA" name="com.RequestSpecificationInterview.ReqSpecGivenVsWith" tests="2" failures="0" timestamp="2022-10-05T19:37:38 IST" time="4.543" errors="0">
  <testcase name="getALLSupes" time="4.473" classname="com.RequestSpecificationInterview.ReqSpecGivenVsWith"/>
  <system-out/>
  <testcase name="getParticularEmployee" time="0.070" classname="com.RequestSpecificationInterview.ReqSpecGivenVsWith"/>
  <system-out/>
</testsuite> <!-- com.RequestSpecificationInterview.ReqSpecGivenVsWith -->
