<?xml version="1.0" encoding="UTF-8"?>
<!-- Generated by org.testng.reporters.JUnitReportReporter -->
<testsuite skipped="0" hostname="DESKTOP-2V7MRDA" name="com.misrinterviewquestion.Timeresponse" tests="2" failures="0" timestamp="2022-10-18T17:35:09 IST" time="5.228" errors="0">
  <testcase name="getTime2" time="0.778" classname="com.misrinterviewquestion.Timeresponse"/>
  <system-out/>
  <testcase name="getTime" time="4.450" classname="com.misrinterviewquestion.Timeresponse"/>
  <system-out/>
</testsuite> <!-- com.misrinterviewquestion.Timeresponse -->
