<?xml version="1.0" encoding="UTF-8"?>
<!-- Generated by org.testng.reporters.JUnitReportReporter -->
<testsuite skipped="0" hostname="DESKTOP-2V7MRDA" name="com.Serialization.SerilaizationPblmStatement" tests="1" failures="0" timestamp="2022-10-06T14:12:47 IST" time="6.852" errors="0">
  <testcase name="serializationProcess" time="6.852" classname="com.Serialization.SerilaizationPblmStatement"/>
  <system-out/>
</testsuite> <!-- com.Serialization.SerilaizationPblmStatement -->
