<?xml version="1.0" encoding="UTF-8"?>
<!-- Generated by org.testng.reporters.JUnitReportReporter -->
<testsuite skipped="0" hostname="DESKTOP-2V7MRDA" name="com.BDDStyle.GetAllSupesBDD" tests="1" failures="0" timestamp="2022-10-18T13:31:32 IST" time="3.850" errors="0">
  <testcase name="getAllSuperheros" time="3.850" classname="com.BDDStyle.GetAllSupesBDD"/>
  <system-out/>
</testsuite> <!-- com.BDDStyle.GetAllSupesBDD -->
